
Showing logs for build [32mcb-kubecd-bdd-gh-1582592399-pr-sgbtr-1[0m stage [32mfrom-build-pack[0m and container [32mstep-credential-initializer-flwzq[0m
{"level":"warn","ts":1582593014.0153081,"logger":"fallback-logger","caller":"logging/config.go:69","msg":"Fetch GitHub commit ID from kodata failed: \"ref: refs/heads/0.8.0-**-support-backwards-incompats\" is not a valid GitHub commit ID"}
{"level":"info","ts":1582593014.0160465,"logger":"fallback-logger","caller":"creds-init/main.go:40","msg":"Credentials initialized."}

Showing logs for build [32mcb-kubecd-bdd-gh-1582592399-pr-sgbtr-1[0m stage [32mfrom-build-pack[0m and container [32mstep-working-dir-initializer-m84r8[0m
{"level":"warn","ts":1582593015.3405535,"logger":"fallback-logger","caller":"logging/config.go:69","msg":"Fetch GitHub commit ID from kodata failed: open /var/run/ko/HEAD: no such file or directory"}
{"level":"info","ts":1582593015.3429446,"logger":"fallback-logger","caller":"bash/main.go:64","msg":"Successfully executed command \"sh -c mkdir -p /workspace/source\"; output "}

Showing logs for build [32mcb-kubecd-bdd-gh-1582592399-pr-sgbtr-1[0m stage [32mfrom-build-pack[0m and container [32mstep-place-tools[0m

Showing logs for build [32mcb-kubecd-bdd-gh-1582592399-pr-sgbtr-1[0m stage [32mfrom-build-pack[0m and container [32mstep-git-source-cb-kubecd-bdd-gh-1582592399-pr-sgbtr-2b89z[0m
{"level":"warn","ts":1582593021.5751634,"logger":"fallback-logger","caller":"logging/config.go:69","msg":"Fetch GitHub commit ID from kodata failed: \"ref: refs/heads/0.8.0-**-support-backwards-incompats\" is not a valid GitHub commit ID"}
{"level":"info","ts":1582593022.6351,"logger":"fallback-logger","caller":"git/git.go:103","msg":"Successfully cloned https://github.com/cb-kubecd/bdd-gh-1582592399.git @ master in path /workspace/source"}

Showing logs for build [32mcb-kubecd-bdd-gh-1582592399-pr-sgbtr-1[0m stage [32mfrom-build-pack[0m and container [32mstep-git-merge[0m
Using SHAs from PULL_REFS=master:099b048a5aabfc5b4d3647a4ee91ccfad816fa82,1:ccd30109d94bf1697c986a8c4673f360dd4ba7d6
DEBUG: LC_ALL=C JX_LOG_LEVEL=error git fetch origin --unshallow ccd30109d94bf1697c986a8c4673f360dd4ba7d6: 099b048a5aabfc5b4d3647a4ee91ccfad816fa82:
DEBUG: ran git fetch --unshallow origin ccd30109d94bf1697c986a8c4673f360dd4ba7d6: 099b048a5aabfc5b4d3647a4ee91ccfad816fa82: in 
DEBUG: JX_LOG_LEVEL=error LC_ALL=C git branch
DEBUG: LC_ALL=C JX_LOG_LEVEL=error git checkout master
DEBUG: ran git checkout master in 
DEBUG: LC_ALL=C JX_LOG_LEVEL=error git reset --hard 099b048a5aabfc5b4d3647a4ee91ccfad816fa82
DEBUG: ran git reset --hard 099b048a5aabfc5b4d3647a4ee91ccfad816fa82 in 
DEBUG: LC_ALL=C JX_LOG_LEVEL=error git clean -fd .
DEBUG: ran clean --force -d . in 
DEBUG: JX_LOG_LEVEL=error LC_ALL=C git merge ccd30109d94bf1697c986a8c4673f360dd4ba7d6
DEBUG: ran git merge ccd30109d94bf1697c986a8c4673f360dd4ba7d6 in 
DEBUG: LC_ALL=C JX_LOG_LEVEL=error git log --format=%H%x1f%an%x1f%ae%x1f%cn%x1f%ce%x1f%s%n%b%x1e 099b048a5aabfc5b4d3647a4ee91ccfad816fa82..HEAD
Merged SHA ccd30109d94bf1697c986a8c4673f360dd4ba7d6 with commit message 'My first PR commit' into base branch master

Showing logs for build [32mcb-kubecd-bdd-gh-1582592399-pr-sgbtr-1[0m stage [32mfrom-build-pack[0m and container [32mstep-build-make-linux[0m
CGO_ENABLED=0 GOOS=linux GOARCH=amd64 GO15VENDOREXPERIMENT=1 go build -ldflags '' -o bin/bdd-gh-1582592399 main.go

Showing logs for build [32mcb-kubecd-bdd-gh-1582592399-pr-sgbtr-1[0m stage [32mfrom-build-pack[0m and container [32mstep-build-container-build[0m
[36mINFO[0m[0000] No base image, nothing to extract            
[36mINFO[0m[0000] cmd: EXPOSE                                  
[36mINFO[0m[0000] Adding exposed port: 8080/tcp                
[36mINFO[0m[0000] Using files from context: [/workspace/source/bin] 
[36mINFO[0m[0000] Skipping unpacking as no commands require it. 
[36mINFO[0m[0000] Taking snapshot of full filesystem...        
[36mINFO[0m[0000] EXPOSE 8080                                  
[36mINFO[0m[0000] cmd: EXPOSE                                  
[36mINFO[0m[0000] Adding exposed port: 8080/tcp                
[36mINFO[0m[0000] No files changed in this command, skipping snapshotting. 
[36mINFO[0m[0000] ENTRYPOINT ["/bdd-gh-1582592399"]            
[36mINFO[0m[0000] No files changed in this command, skipping snapshotting. 
[36mINFO[0m[0000] Using files from context: [/workspace/source/bin] 
[36mINFO[0m[0000] COPY ./bin/ /                                
[36mINFO[0m[0000] Taking snapshot of files...                  
2020/02/25 01:10:37 pushed blob: sha256:be2e2f4569a1d7568ab0b640f8d6ce763db6de4fe6ee343fea87b669532d6ec8
2020/02/25 01:10:38 pushed blob: sha256:eb2406b4c57103bd846f068543ce85cd20c7263e2bb2b850ac8a8f9832624a41
2020/02/25 01:10:39 gcr.io/jenkins-x-bdd3/bdd-gh-1582592399:0.0.0-SNAPSHOT-PR-1-1: digest: sha256:7115ea17bed9602fb221439bf15d4344d916f034b500f944d335dd3776ebee0c size: 428

Showing logs for build [32mcb-kubecd-bdd-gh-1582592399-pr-sgbtr-1[0m stage [32mfrom-build-pack[0m and container [32mstep-postbuild-post-build[0m
no CVE provider running in the current ** namespace so skip adding image to be analysed

Showing logs for build [32mcb-kubecd-bdd-gh-1582592399-pr-sgbtr-1[0m stage [32mfrom-build-pack[0m and container [32mstep-promote-make-preview[0m
sed -i -e "s/version:.*/version: 0.0.0-SNAPSHOT-PR-1-1/" Chart.yaml
sed -i -e "s/version:.*/version: 0.0.0-SNAPSHOT-PR-1-1/" ../*/Chart.yaml
sed -i -e "s|repository:.*|repository: gcr.io\/jenkins-x-bdd3\/bdd-gh-1582592399|" values.yaml
sed -i -e "s/tag:.*/tag: 0.0.0-SNAPSHOT-PR-1-1/" values.yaml
echo "  version: 0.0.0-SNAPSHOT-PR-1-1" >> requirements.yaml
** step helm build
WARNING: No $CHART_REPOSITORY defined so using the default value of: http://jenkins-x-chartmuseum:8080
Adding missing Helm repo: storage.googleapis.com https://storage.googleapis.com/chartmuseum.jenkins-x.io
WARNING: No secrets found on "helm/repos" due: reading the secret "helm/repos" from vault: no secret "helm/repos" not found in vault
Read credentials for https://storage.googleapis.com/chartmuseum.jenkins-x.io from vault helm/repos
Successfully added Helm repository storage.googleapis.com.
Adding missing Helm repo: jenkins-x-chartmuseum http://jenkins-x-chartmuseum:8080
WARNING: No secrets found on "helm/repos" due: reading the secret "helm/repos" from vault: no secret "helm/repos" not found in vault
Read credentials for http://jenkins-x-chartmuseum:8080 from vault helm/repos
Successfully added Helm repository jenkins-x-chartmuseum.
WARNING: No $CHART_REPOSITORY defined so using the default value of: http://jenkins-x-chartmuseum:8080
Adding missing Helm repo: chartmuseum.jenkins-x.io http://chartmuseum.jenkins-x.io
WARNING: No secrets found on "helm/repos" due: reading the secret "helm/repos" from vault: no secret "helm/repos" not found in vault
Read credentials for http://chartmuseum.jenkins-x.io from vault helm/repos
Successfully added Helm repository chartmuseum.jenkins-x.io.

Showing logs for build [32mcb-kubecd-bdd-gh-1582592399-pr-sgbtr-1[0m stage [32mfrom-build-pack[0m and container [32mstep-promote-jx-preview[0m
Creating a preview
Created environment cb-kubecd-bdd-gh-1582592399-pr-1
Namespace **-cb-kubecd-bdd-gh-1582592399-pr-1 created 
expose:
  Annotations:
    helm.sh/hook: post-install,post-upgrade
    helm.sh/hook-delete-policy: hook-succeeded
  config:
    domain: c**d5.bdd.jenkins-x.rocks
    exposer: Ingress
    http: "true"
preview:
  image:
    repository: gcr.io/jenkins-x-bdd3/bdd-gh-1582592399
    tag: 0.0.0-SNAPSHOT-PR-1-1

Updating PipelineActivities cb-kubecd-bdd-gh-1582592399-pr-1-1 which has status Running
WARNING: preview application http://bdd-gh-1582592399.**-cb-kubecd-bdd-gh-1582592399-pr-1.c**d5.bdd.jenkins-x.rocks not available, error was Get http://bdd-gh-1582592399.**-cb-kubecd-bdd-gh-1582592399-pr-1.c**d5.bdd.jenkins-x.rocks: dial tcp: lookup bdd-gh-1582592399.**-cb-kubecd-bdd-gh-1582592399-pr-1.c**d5.bdd.jenkins-x.rocks on 10.19.240.10:53: no such host, delaying for: 525.193959ms
WARNING: preview application http://bdd-gh-1582592399.**-cb-kubecd-bdd-gh-1582592399-pr-1.c**d5.bdd.jenkins-x.rocks not available, error was Get http://bdd-gh-1582592399.**-cb-kubecd-bdd-gh-1582592399-pr-1.c**d5.bdd.jenkins-x.rocks: dial tcp: lookup bdd-gh-1582592399.**-cb-kubecd-bdd-gh-1582592399-pr-1.c**d5.bdd.jenkins-x.rocks on 10.19.240.10:53: no such host, delaying for: 1.339876499s
WARNING: preview application http://bdd-gh-1582592399.**-cb-kubecd-bdd-gh-1582592399-pr-1.c**d5.bdd.jenkins-x.rocks not available, error was Get http://bdd-gh-1582592399.**-cb-kubecd-bdd-gh-1582592399-pr-1.c**d5.bdd.jenkins-x.rocks: dial tcp: lookup bdd-gh-1582592399.**-cb-kubecd-bdd-gh-1582592399-pr-1.c**d5.bdd.jenkins-x.rocks on 10.19.240.10:53: no such host, delaying for: 1.850874036s
WARNING: preview application http://bdd-gh-1582592399.**-cb-kubecd-bdd-gh-1582592399-pr-1.c**d5.bdd.jenkins-x.rocks not available, error was Get http://bdd-gh-1582592399.**-cb-kubecd-bdd-gh-1582592399-pr-1.c**d5.bdd.jenkins-x.rocks: dial tcp: lookup bdd-gh-1582592399.**-cb-kubecd-bdd-gh-1582592399-pr-1.c**d5.bdd.jenkins-x.rocks on 10.19.240.10:53: no such host, delaying for: 2.933252018s
WARNING: preview application http://bdd-gh-1582592399.**-cb-kubecd-bdd-gh-1582592399-pr-1.c**d5.bdd.jenkins-x.rocks not available, error was Get http://bdd-gh-1582592399.**-cb-kubecd-bdd-gh-1582592399-pr-1.c**d5.bdd.jenkins-x.rocks: dial tcp: lookup bdd-gh-1582592399.**-cb-kubecd-bdd-gh-1582592399-pr-1.c**d5.bdd.jenkins-x.rocks on 10.19.240.10:53: no such host, delaying for: 2.824501689s
WARNING: preview application http://bdd-gh-1582592399.**-cb-kubecd-bdd-gh-1582592399-pr-1.c**d5.bdd.jenkins-x.rocks not available, error was Get http://bdd-gh-1582592399.**-cb-kubecd-bdd-gh-1582592399-pr-1.c**d5.bdd.jenkins-x.rocks: dial tcp: lookup bdd-gh-1582592399.**-cb-kubecd-bdd-gh-1582592399-pr-1.c**d5.bdd.jenkins-x.rocks on 10.19.240.10:53: no such host, delaying for: 10.974447712s
WARNING: preview application http://bdd-gh-1582592399.**-cb-kubecd-bdd-gh-1582592399-pr-1.c**d5.bdd.jenkins-x.rocks not available, error was Get http://bdd-gh-1582592399.**-cb-kubecd-bdd-gh-1582592399-pr-1.c**d5.bdd.jenkins-x.rocks: dial tcp: lookup bdd-gh-1582592399.**-cb-kubecd-bdd-gh-1582592399-pr-1.c**d5.bdd.jenkins-x.rocks on 10.19.240.10:53: no such host, delaying for: 10.256486862s
WARNING: preview application http://bdd-gh-1582592399.**-cb-kubecd-bdd-gh-1582592399-pr-1.c**d5.bdd.jenkins-x.rocks not available, error was Get http://bdd-gh-1582592399.**-cb-kubecd-bdd-gh-1582592399-pr-1.c**d5.bdd.jenkins-x.rocks: dial tcp: lookup bdd-gh-1582592399.**-cb-kubecd-bdd-gh-1582592399-pr-1.c**d5.bdd.jenkins-x.rocks on 10.19.240.10:53: no such host, delaying for: 20.917101179s
WARNING: preview application http://bdd-gh-1582592399.**-cb-kubecd-bdd-gh-1582592399-pr-1.c**d5.bdd.jenkins-x.rocks not available, error was Get http://bdd-gh-1582592399.**-cb-kubecd-bdd-gh-1582592399-pr-1.c**d5.bdd.jenkins-x.rocks: dial tcp: lookup bdd-gh-1582592399.**-cb-kubecd-bdd-gh-1582592399-pr-1.c**d5.bdd.jenkins-x.rocks on 10.19.240.10:53: no such host, delaying for: 13.194462387s
WARNING: preview application http://bdd-gh-1582592399.**-cb-kubecd-bdd-gh-1582592399-pr-1.c**d5.bdd.jenkins-x.rocks not available, error was Get http://bdd-gh-1582592399.**-cb-kubecd-bdd-gh-1582592399-pr-1.c**d5.bdd.jenkins-x.rocks: dial tcp: lookup bdd-gh-1582592399.**-cb-kubecd-bdd-gh-1582592399-pr-1.c**d5.bdd.jenkins-x.rocks on 10.19.240.10:53: no such host, delaying for: 51.254294248s
WARNING: preview application http://bdd-gh-1582592399.**-cb-kubecd-bdd-gh-1582592399-pr-1.c**d5.bdd.jenkins-x.rocks not available, error was Get http://bdd-gh-1582592399.**-cb-kubecd-bdd-gh-1582592399-pr-1.c**d5.bdd.jenkins-x.rocks: dial tcp: lookup bdd-gh-1582592399.**-cb-kubecd-bdd-gh-1582592399-pr-1.c**d5.bdd.jenkins-x.rocks on 10.19.240.10:53: no such host, delaying for: 1m21.006476584s
WARNING: preview application http://bdd-gh-1582592399.**-cb-kubecd-bdd-gh-1582592399-pr-1.c**d5.bdd.jenkins-x.rocks not available, error was Get http://bdd-gh-1582592399.**-cb-kubecd-bdd-gh-1582592399-pr-1.c**d5.bdd.jenkins-x.rocks: dial tcp: lookup bdd-gh-1582592399.**-cb-kubecd-bdd-gh-1582592399-pr-1.c**d5.bdd.jenkins-x.rocks on 10.19.240.10:53: no such host, delaying for: 1m23.985007543s
WARNING: preview application http://bdd-gh-1582592399.**-cb-kubecd-bdd-gh-1582592399-pr-1.c**d5.bdd.jenkins-x.rocks not available, error was Get http://bdd-gh-1582592399.**-cb-kubecd-bdd-gh-1582592399-pr-1.c**d5.bdd.jenkins-x.rocks: dial tcp: lookup bdd-gh-1582592399.**-cb-kubecd-bdd-gh-1582592399-pr-1.c**d5.bdd.jenkins-x.rocks on 10.19.240.10:53: no such host, delaying for: 54.814859278s
Preview application is now available at: http://bdd-gh-1582592399.**-cb-kubecd-bdd-gh-1582592399-pr-1.c**d5.bdd.jenkins-x.rocks
